<?xml version="1.0" encoding="utf-8"?><testsuites name="pytest tests"><testsuite name="pytest" errors="0" failures="0" skipped="0" tests="20" time="8.537" timestamp="2026-06-13T09:47:58.006703+00:00" hostname="agent-env-d1bec590-c652-45b8-9095-c37b899e8e5f"><testcase classname="tests.test_mealrandom_api" name="test_register_returns_jwt" time="0.477" /><testcase classname="tests.test_mealrandom_api" name="test_register_duplicate_400" time="0.411" /><testcase classname="tests.test_mealrandom_api" name="test_admin_login_success" time="0.348" /><testcase classname="tests.test_mealrandom_api" name="test_login_bad_password_401" time="0.336" /><testcase classname="tests.test_mealrandom_api" name="test_me_admin_is_admin_true" time="0.099" /><testcase classname="tests.test_mealrandom_api" name="test_me_regular_is_admin_false" time="0.410" /><testcase classname="tests.test_mealrandom_api" name="test_me_unauthorized" time="0.087" /><testcase classname="tests.test_mealrandom_api" name="test_update_profile_and_calorie_targets" time="0.225" /><testcase classname="tests.test_mealrandom_api" name="test_update_profile_invalid_sex" time="0.113" /><testcase classname="tests.test_mealrandom_api" name="test_keywords_groups" time="0.122" /><testcase classname="tests.test_mealrandom_api" name="test_list_meals_count_and_thai" time="0.124" /><testcase classname="tests.test_mealrandom_api" name="test_random_meal_basic" time="0.093" /><testcase classname="tests.test_mealrandom_api" name="test_random_meal_keyword_filter" time="0.126" /><testcase classname="tests.test_mealrandom_api" name="test_random_respects_dietary_vegan" time="0.841" /><testcase classname="tests.test_mealrandom_api" name="test_random_respects_shellfish_allergy" time="1.044" /><testcase classname="tests.test_mealrandom_api" name="test_random_diet_mode_low_fat" time="1.126" /><testcase classname="tests.test_mealrandom_api" name="test_logs_flow_add_get_delete_clear" time="1.060" /><testcase classname="tests.test_mealrandom_api" name="test_create_meal_non_admin_forbidden" time="0.092" /><testcase classname="tests.test_mealrandom_api" name="test_admin_meal_crud" time="0.475" /><testcase classname="tests.test_mealrandom_api" name="test_spoonacular_search_admin_only" time="0.745" /></testsuite></testsuites>